<?xml version="1.0" encoding="UTF-8"?>
<!-- Generated by org.testng.reporters.JUnitXMLReporter -->
<testsuite ignored="0" hostname="DESKTOP-SEE9OFQ" failures="0" tests="6" name="test" time="376.721" errors="0" timestamp="2025-07-28T13:49:54 IST">
  <testcase classname="com.tripgain.testscripts.RoundTrip.TC_1_VerifyRoundTripFlightSearch" name="myTest" time="58.885"/>
  <testcase classname="com.tripgain.testscripts.RoundTrip.TC_2_Searchingforminimumtraveler" name="myTest" time="54.633"/>
  <testcase classname="com.tripgain.testscripts.RoundTrip.TC_3_VerifyTravellerSelectionFunctionality" name="myTest" time="57.331"/>
  <testcase classname="com.tripgain.testscripts.RoundTrip.TC_6_VerifyRoundTripFlightSearchInPeakTime" name="myTest" time="55.611"/>
  <testcase classname="com.tripgain.testscripts.RoundTrip.TC_7_VerifyclickingonDatesAreDisplayed" name="myTest" time="56.056"/>
  <testcase classname="com.tripgain.testscripts.RoundTrip.TC_8_VerifywithLocalDestinations" name="myTest" time="83.451"/>
</testsuite> <!-- test -->
