<?xml version="1.0" encoding="UTF-8"?>
<!-- Generated by org.testng.reporters.JUnitXMLReporter -->
<testsuite ignored="0" hostname="DESKTOP-SEE9OFQ" failures="0" tests="2" name="test" time="12.183" errors="0" timestamp="2025-07-15T17:34:47 IST">
  <testcase classname="com.tripgain.testscripts.TC_119_OneWay_OneWaySearch" name="@BeforeMethod launchApplication" time="8.11">
    <failure type="org.openqa.selenium.NoSuchWindowException" message="no such window: target window already closed
from unknown error: web view not found
  (Session info: chrome=138.0.7204.101)
Build info: version: &amp;apos;4.29.0&amp;apos;, revision: &amp;apos;5fc1ec94cb&amp;apos;
System info: os.name: &amp;apos;Windows 11&amp;apos;, os.arch: &amp;apos;amd64&amp;apos;, os.version: &amp;apos;10.0&amp;apos;, java.version: &amp;apos;21.0.7&amp;apos;
Driver info: org.openqa.selenium.chrome.ChromeDriver
Command: [ee22dd92431a37e20f65552a83fffa66, maximizeCurrentWindow {}]
Capabilities {acceptInsecureCerts: false, browserName: chrome, browserVersion: 138.0.7204.101, chrome: {chromedriverVersion: 138.0.7204.94 (545025748884..., userDataDir: C:\Users\LENOVO\AppData\Loc...}, fedcm:accounts: true, goog:chromeOptions: {debuggerAddress: localhost:63194}, networkConnectionEnabled: false, pageLoadStrategy: normal, platformName: windows, proxy: Proxy(), se:cdp: ws://localhost:63194/devtoo..., se:cdpVersion: 138.0.7204.101, setWindowRect: true, strictFileInteractability: false, timeouts: {implicit: 0, pageLoad: 300000, script: 30000}, unhandledPromptBehavior: dismiss and notify, webauthn:extension:credBlob: true, webauthn:extension:largeBlob: true, webauthn:extension:minPinLength: true, webauthn:extension:prf: true, webauthn:virtualAuthenticators: true}
Session ID: ee22dd92431a37e20f65552a83fffa66">
      <![CDATA[org.openqa.selenium.NoSuchWindowException: no such window: target window already closed
from unknown error: web view not found
  (Session info: chrome=138.0.7204.101)
Build info: version: '4.29.0', revision: '5fc1ec94cb'
System info: os.name: 'Windows 11', os.arch: 'amd64', os.version: '10.0', java.version: '21.0.7'
Driver info: org.openqa.selenium.chrome.ChromeDriver
Command: [ee22dd92431a37e20f65552a83fffa66, maximizeCurrentWindow {}]
Capabilities {acceptInsecureCerts: false, browserName: chrome, browserVersion: 138.0.7204.101, chrome: {chromedriverVersion: 138.0.7204.94 (545025748884..., userDataDir: C:\Users\LENOVO\AppData\Loc...}, fedcm:accounts: true, goog:chromeOptions: {debuggerAddress: localhost:63194}, networkConnectionEnabled: false, pageLoadStrategy: normal, platformName: windows, proxy: Proxy(), se:cdp: ws://localhost:63194/devtoo..., se:cdpVersion: 138.0.7204.101, setWindowRect: true, strictFileInteractability: false, timeouts: {implicit: 0, pageLoad: 300000, script: 30000}, unhandledPromptBehavior: dismiss and notify, webauthn:extension:credBlob: true, webauthn:extension:largeBlob: true, webauthn:extension:minPinLength: true, webauthn:extension:prf: true, webauthn:virtualAuthenticators: true}
Session ID: ee22dd92431a37e20f65552a83fffa66
at org.openqa.selenium.remote.ErrorCodec.decode(ErrorCodec.java:167)
at org.openqa.selenium.remote.codec.w3c.W3CHttpResponseCodec.decode(W3CHttpResponseCodec.java:138)
at org.openqa.selenium.remote.codec.w3c.W3CHttpResponseCodec.decode(W3CHttpResponseCodec.java:50)
at org.openqa.selenium.remote.HttpCommandExecutor.execute(HttpCommandExecutor.java:215)
at org.openqa.selenium.remote.service.DriverCommandExecutor.invokeExecute(DriverCommandExecutor.java:216)
at org.openqa.selenium.remote.service.DriverCommandExecutor.execute(DriverCommandExecutor.java:174)
at org.openqa.selenium.remote.RemoteWebDriver.execute(RemoteWebDriver.java:545)
at org.openqa.selenium.remote.RemoteWebDriver.execute(RemoteWebDriver.java:618)
at org.openqa.selenium.remote.RemoteWebDriver.execute(RemoteWebDriver.java:622)
at org.openqa.selenium.remote.RemoteWebDriver$RemoteWebDriverOptions$RemoteWindow.maximize(RemoteWebDriver.java:1061)
at com.tripgain.testscripts.BaseClass.launchBrowser(BaseClass.java:39)
at com.tripgain.testscripts.TC_119_OneWay_OneWaySearch.launchApplication(TC_119_OneWay_OneWaySearch.java:113)
at java.base/java.util.ArrayList.forEach(ArrayList.java:1596)
at java.base/java.util.concurrent.FutureTask.run(FutureTask.java:317)
at java.base/java.util.concurrent.ThreadPoolExecutor.runWorker(ThreadPoolExecutor.java:1144)
at java.base/java.util.concurrent.ThreadPoolExecutor$Worker.run(ThreadPoolExecutor.java:642)
at java.base/java.lang.Thread.run(Thread.java:1583)
... Removed 22 stack frames]]>
    </failure>
  </testcase> <!-- @BeforeMethod launchApplication -->
  <testcase classname="com.tripgain.testscripts.TC_119_OneWay_OneWaySearch" name="@AfterMethod tearDown" time="0.0">
    <skipped/>
  </testcase> <!-- @AfterMethod tearDown -->
  <testcase classname="com.tripgain.testscripts.TC_178_TypesOfFareForOneway" name="@BeforeMethod launchApplication" time="2.373">
    <failure type="org.openqa.selenium.NoSuchWindowException" message="no such window: target window already closed
from unknown error: web view not found
  (Session info: chrome=138.0.7204.101)
Build info: version: &amp;apos;4.29.0&amp;apos;, revision: &amp;apos;5fc1ec94cb&amp;apos;
System info: os.name: &amp;apos;Windows 11&amp;apos;, os.arch: &amp;apos;amd64&amp;apos;, os.version: &amp;apos;10.0&amp;apos;, java.version: &amp;apos;21.0.7&amp;apos;
Driver info: org.openqa.selenium.chrome.ChromeDriver
Command: [4463ed0662b3dc47e002e4fa94624e04, maximizeCurrentWindow {}]
Capabilities {acceptInsecureCerts: false, browserName: chrome, browserVersion: 138.0.7204.101, chrome: {chromedriverVersion: 138.0.7204.94 (545025748884..., userDataDir: C:\Users\LENOVO\AppData\Loc...}, fedcm:accounts: true, goog:chromeOptions: {debuggerAddress: localhost:63213}, networkConnectionEnabled: false, pageLoadStrategy: normal, platformName: windows, proxy: Proxy(), se:cdp: ws://localhost:63213/devtoo..., se:cdpVersion: 138.0.7204.101, setWindowRect: true, strictFileInteractability: false, timeouts: {implicit: 0, pageLoad: 300000, script: 30000}, unhandledPromptBehavior: dismiss and notify, webauthn:extension:credBlob: true, webauthn:extension:largeBlob: true, webauthn:extension:minPinLength: true, webauthn:extension:prf: true, webauthn:virtualAuthenticators: true}
Session ID: 4463ed0662b3dc47e002e4fa94624e04">
      <![CDATA[org.openqa.selenium.NoSuchWindowException: no such window: target window already closed
from unknown error: web view not found
  (Session info: chrome=138.0.7204.101)
Build info: version: '4.29.0', revision: '5fc1ec94cb'
System info: os.name: 'Windows 11', os.arch: 'amd64', os.version: '10.0', java.version: '21.0.7'
Driver info: org.openqa.selenium.chrome.ChromeDriver
Command: [4463ed0662b3dc47e002e4fa94624e04, maximizeCurrentWindow {}]
Capabilities {acceptInsecureCerts: false, browserName: chrome, browserVersion: 138.0.7204.101, chrome: {chromedriverVersion: 138.0.7204.94 (545025748884..., userDataDir: C:\Users\LENOVO\AppData\Loc...}, fedcm:accounts: true, goog:chromeOptions: {debuggerAddress: localhost:63213}, networkConnectionEnabled: false, pageLoadStrategy: normal, platformName: windows, proxy: Proxy(), se:cdp: ws://localhost:63213/devtoo..., se:cdpVersion: 138.0.7204.101, setWindowRect: true, strictFileInteractability: false, timeouts: {implicit: 0, pageLoad: 300000, script: 30000}, unhandledPromptBehavior: dismiss and notify, webauthn:extension:credBlob: true, webauthn:extension:largeBlob: true, webauthn:extension:minPinLength: true, webauthn:extension:prf: true, webauthn:virtualAuthenticators: true}
Session ID: 4463ed0662b3dc47e002e4fa94624e04
at org.openqa.selenium.remote.ErrorCodec.decode(ErrorCodec.java:167)
at org.openqa.selenium.remote.codec.w3c.W3CHttpResponseCodec.decode(W3CHttpResponseCodec.java:138)
at org.openqa.selenium.remote.codec.w3c.W3CHttpResponseCodec.decode(W3CHttpResponseCodec.java:50)
at org.openqa.selenium.remote.HttpCommandExecutor.execute(HttpCommandExecutor.java:215)
at org.openqa.selenium.remote.service.DriverCommandExecutor.invokeExecute(DriverCommandExecutor.java:216)
at org.openqa.selenium.remote.service.DriverCommandExecutor.execute(DriverCommandExecutor.java:174)
at org.openqa.selenium.remote.RemoteWebDriver.execute(RemoteWebDriver.java:545)
at org.openqa.selenium.remote.RemoteWebDriver.execute(RemoteWebDriver.java:618)
at org.openqa.selenium.remote.RemoteWebDriver.execute(RemoteWebDriver.java:622)
at org.openqa.selenium.remote.RemoteWebDriver$RemoteWebDriverOptions$RemoteWindow.maximize(RemoteWebDriver.java:1061)
at com.tripgain.testscripts.BaseClass.launchBrowser(BaseClass.java:39)
at com.tripgain.testscripts.TC_178_TypesOfFareForOneway.launchApplication(TC_178_TypesOfFareForOneway.java:215)
at java.base/java.util.ArrayList.forEach(ArrayList.java:1596)
at java.base/java.util.concurrent.FutureTask.run(FutureTask.java:317)
at java.base/java.util.concurrent.ThreadPoolExecutor.runWorker(ThreadPoolExecutor.java:1144)
at java.base/java.util.concurrent.ThreadPoolExecutor$Worker.run(ThreadPoolExecutor.java:642)
at java.base/java.lang.Thread.run(Thread.java:1583)
... Removed 22 stack frames]]>
    </failure>
  </testcase> <!-- @BeforeMethod launchApplication -->
  <testcase classname="com.tripgain.testscripts.TC_178_TypesOfFareForOneway" name="@AfterMethod tearDown" time="0.0">
    <skipped/>
  </testcase> <!-- @AfterMethod tearDown -->
  <testcase classname="com.tripgain.testscripts.TC_119_OneWay_OneWaySearch" name="myTest" time="0.0">
    <skipped/>
  </testcase> <!-- myTest -->
  <testcase classname="com.tripgain.testscripts.TC_178_TypesOfFareForOneway" name="myTest" time="0.0">
    <skipped/>
  </testcase> <!-- myTest -->
</testsuite> <!-- test -->
